0 info it worked if it ends with ok
1 verbose cli [ '/home/gildas/n-global/bin/node',
1 verbose cli   '/home/gildas/n-global/bin/npm',
1 verbose cli   'run',
1 verbose cli   'deploy' ]
2 info using npm@4.0.5
3 info using node@v7.4.0
4 verbose run-script [ 'predeploy', 'deploy', 'postdeploy' ]
5 info lifecycle hd-graphql-api@1.0.0~predeploy: hd-graphql-api@1.0.0
6 silly lifecycle hd-graphql-api@1.0.0~predeploy: no script for predeploy, continuing
7 info lifecycle hd-graphql-api@1.0.0~deploy: hd-graphql-api@1.0.0
8 verbose lifecycle hd-graphql-api@1.0.0~deploy: unsafe-perm in lifecycle true
9 verbose lifecycle hd-graphql-api@1.0.0~deploy: PATH: /home/gildas/n-global/lib/node_modules/npm/bin/node-gyp-bin:/home/gildas/projects/marmelab/hackday_graphql/api/node_modules/.bin:/home/gildas/n-global/bin:/home/gildas/n-global:/home/gildas/npm-global/bin:/home/gildas/bin:/bin:/usr/bin:/usr/local/bin:/home/gildas/.local/bin:/usr/local/sbin:/usr/local/bin:/usr/sbin:/usr/bin:/sbin:/bin:/home/gildas/.rvm/bin:/home/gildas/.rvm/bin:/home/gildas/android-sdk-linux/platform-tools:/home/gildas/android-sdk-linux/tools:/home/gildas/android-sdk-linux/build-tools/23.0.2:/usr/local/go/bin:/home/gildas/projects/go/bin
10 verbose lifecycle hd-graphql-api@1.0.0~deploy: CWD: /home/gildas/projects/marmelab/hackday_graphql/api
11 silly lifecycle hd-graphql-api@1.0.0~deploy: Args: [ '-c',
11 silly lifecycle   'now -e REACT_APP_SECRET_CODE=$REACT_APP_SECRET_CODE -e CLIENT_URL=$CLIENT_URL' ]
12 silly lifecycle hd-graphql-api@1.0.0~deploy: Returned: code: 1  signal: null
13 info lifecycle hd-graphql-api@1.0.0~deploy: Failed to exec deploy script
14 verbose stack Error: hd-graphql-api@1.0.0 deploy: `now -e REACT_APP_SECRET_CODE=$REACT_APP_SECRET_CODE -e CLIENT_URL=$CLIENT_URL`
14 verbose stack Exit status 1
14 verbose stack     at EventEmitter.<anonymous> (/home/gildas/n-global/lib/node_modules/npm/lib/utils/lifecycle.js:279:16)
14 verbose stack     at emitTwo (events.js:106:13)
14 verbose stack     at EventEmitter.emit (events.js:191:7)
14 verbose stack     at ChildProcess.<anonymous> (/home/gildas/n-global/lib/node_modules/npm/lib/utils/spawn.js:40:14)
14 verbose stack     at emitTwo (events.js:106:13)
14 verbose stack     at ChildProcess.emit (events.js:191:7)
14 verbose stack     at maybeClose (internal/child_process.js:885:16)
14 verbose stack     at Process.ChildProcess._handle.onexit (internal/child_process.js:226:5)
15 verbose pkgid hd-graphql-api@1.0.0
16 verbose cwd /home/gildas/projects/marmelab/hackday_graphql/api
17 error Linux 4.4.0-59-generic
18 error argv "/home/gildas/n-global/bin/node" "/home/gildas/n-global/bin/npm" "run" "deploy"
19 error node v7.4.0
20 error npm  v4.0.5
21 error code ELIFECYCLE
22 error hd-graphql-api@1.0.0 deploy: `now -e REACT_APP_SECRET_CODE=$REACT_APP_SECRET_CODE -e CLIENT_URL=$CLIENT_URL`
22 error Exit status 1
23 error Failed at the hd-graphql-api@1.0.0 deploy script 'now -e REACT_APP_SECRET_CODE=$REACT_APP_SECRET_CODE -e CLIENT_URL=$CLIENT_URL'.
23 error Make sure you have the latest version of node.js and npm installed.
23 error If you do, this is most likely a problem with the hd-graphql-api package,
23 error not with npm itself.
23 error Tell the author that this fails on your system:
23 error     now -e REACT_APP_SECRET_CODE=$REACT_APP_SECRET_CODE -e CLIENT_URL=$CLIENT_URL
23 error You can get information on how to open an issue for this project with:
23 error     npm bugs hd-graphql-api
23 error Or if that isn't available, you can get their info via:
23 error     npm owner ls hd-graphql-api
23 error There is likely additional logging output above.
24 verbose exit [ 1, true ]
